<?xml version="1.0" encoding="UTF-8"?>
<Site BuildName="Linux-g++"
	BuildStamp="20231215-1135-Experimental"
	Name="EvgeniLP"
	Generator="ctest-3.22.1"
	CompilerName="/usr/bin/g++"
	CompilerVersion="11.4.0"
	OSName="Linux"
	Hostname="EvgeniLP"
	OSRelease="6.2.0-39-generic"
	OSVersion="#40~22.04.1-Ubuntu SMP PREEMPT_DYNAMIC Thu Nov 16 10:53:04 UTC 2"
	OSPlatform="x86_64"
	Is64Bits="1"
	VendorString="GenuineIntel"
	VendorID="Intel Corporation"
	FamilyID="6"
	ModelID="140"
	ProcessorCacheSize="12288"
	NumberOfLogicalCPU="8"
	NumberOfPhysicalCPU="4"
	TotalVirtualMemory="7628"
	TotalPhysicalMemory="7668"
	LogicalProcessorsPerPhysical="2"
	ProcessorClockFrequency="3778.08"
	>
	<Testing>
		<StartDateTime>Dec 15 14:47 MSK</StartDateTime>
		<StartTestTime>1702640831</StartTestTime>
		<TestList/>
		<EndDateTime>Dec 15 14:47 MSK</EndDateTime>
		<EndTestTime>1702640831</EndTestTime>
		<ElapsedMinutes>0</ElapsedMinutes>
	</Testing>
</Site>
